\BOOKMARK [1][-]{section.1}{\376\377\000C\000o\000s\000'\000\350\000?}{}% 1
\BOOKMARK [1][-]{section.2}{\376\377\000F\000a\000s\000e\000\040\0001\000\040\000-\000\040\000D\000e\000f\000i\000n\000i\000z\000i\000o\000n\000e\000\040\000o\000p\000e\000r\000a\000z\000i\000o\000n\000i\000\040\000s\000u\000\040\000l\000i\000s\000t\000e\000\040\000d\000i\000\040\000p\000c\000b\000\040\000e\000\040\000m\000e\000s\000s\000a\000g\000g\000i}{}% 2
\BOOKMARK [2][-]{subsection.2.1}{\376\377\000O\000b\000i\000e\000t\000t\000i\000v\000i}{section.2}% 3
\BOOKMARK [2][-]{subsection.2.2}{\376\377\000P\000r\000o\000t\000o\000t\000i\000p\000i\000\040\000d\000e\000l\000l\000e\000\040\000f\000u\000n\000z\000i\000o\000n\000i}{section.2}% 4
\BOOKMARK [3][-]{subsubsection.2.2.1}{\376\377\000A\000l\000l\000o\000c\000a\000z\000i\000o\000n\000e\000\040\000e\000\040\000d\000e\000a\000l\000l\000o\000c\000a\000z\000i\000o\000n\000e\000\040\000d\000e\000i\000\040\000P\000C\000B\000:}{subsection.2.2}% 5
\BOOKMARK [3][-]{subsubsection.2.2.2}{\376\377\000P\000C\000B\000\040\000Q\000u\000e\000u\000e\000:}{subsection.2.2}% 6
\BOOKMARK [3][-]{subsubsection.2.2.3}{\376\377\000P\000C\000B\000\040\000T\000r\000e\000e\000s\000:}{subsection.2.2}% 7
\BOOKMARK [3][-]{subsubsection.2.2.4}{\376\377\000A\000l\000l\000o\000c\000a\000z\000i\000o\000n\000e\000\040\000e\000\040\000d\000e\000a\000l\000l\000o\000c\000a\000z\000i\000o\000n\000e\000\040\000d\000e\000i\000\040\000m\000e\000s\000s\000a\000g\000g\000i\000:}{subsection.2.2}% 8
\BOOKMARK [3][-]{subsubsection.2.2.5}{\376\377\000M\000e\000s\000s\000a\000g\000e}{subsection.2.2}% 9
\BOOKMARK [1][-]{section.3}{\376\377\000F\000a\000s\000e\000\040\0002\000\040\000-\000\040\000D\000e\000f\000i\000n\000i\000z\000i\000o\000n\000e\000\040\000d\000e\000l\000\040\000N\000u\000c\000l\000e\000o\000,\000\040\000S\000c\000h\000e\000d\000u\000l\000e\000r\000,\000\040\000S\000S\000I\000,\000\040\000I\000n\000t\000e\000r\000r\000u\000p\000t\000\040\000e\000d\000\040\000e\000c\000c\000e\000z\000i\000o\000n\000i}{}% 10
\BOOKMARK [2][-]{subsection.3.1}{\376\377\000U\000t\000i\000l\000i\000t\000y}{section.3}% 11
\BOOKMARK [3][-]{subsubsection.3.1.1}{\376\377\000t\000i\000m\000e\000r\000.\000c}{subsection.3.1}% 12
\BOOKMARK [2][-]{subsection.3.2}{\376\377\000I\000n\000i\000z\000i\000a\000l\000i\000z\000z\000a\000z\000i\000o\000n\000e\000\040\000n\000u\000c\000l\000e\000o}{section.3}% 13
\BOOKMARK [3][-]{subsubsection.3.2.1}{\376\377\000D\000i\000c\000h\000i\000a\000r\000a\000z\000i\000o\000n\000e\000\040\000e\000\040\000i\000n\000i\000z\000i\000a\000l\000i\000z\000a\000z\000i\000o\000n\000e\000\040\000v\000a\000r\000i\000a\000b\000i\000l\000i\000\040\000g\000l\000o\000b\000a\000l\000i}{subsection.3.2}% 14
\BOOKMARK [3][-]{subsubsection.3.2.2}{\376\377\000D\000i\000c\000h\000i\000a\000r\000a\000z\000i\000o\000n\000e\000\040\000e\000\040\000i\000n\000i\000z\000i\000a\000l\000i\000z\000a\000z\000i\000o\000n\000e\000\040\000s\000t\000r\000u\000t\000t\000u\000r\000e\000\040\000d\000a\000t\000i}{subsection.3.2}% 15
\BOOKMARK [3][-]{subsubsection.3.2.3}{\376\377\000I\000n\000t\000e\000r\000v\000a\000l\000\040\000t\000i\000m\000e\000r}{subsection.3.2}% 16
\BOOKMARK [3][-]{subsubsection.3.2.4}{\376\377\000P\000r\000o\000c\000e\000s\000s\000i\000\040\000S\000S\000I\000\040\000e\000\040\000T\000e\000s\000t}{subsection.3.2}% 17
\BOOKMARK [2][-]{subsection.3.3}{\376\377\000S\000c\000h\000e\000d\000u\000l\000e\000r}{section.3}% 18
\BOOKMARK [2][-]{subsection.3.4}{\376\377\000S\000S\000I}{section.3}% 19
\BOOKMARK [3][-]{subsubsection.3.4.1}{\376\377\000S\000S\000I\000R\000e\000q\000u\000e\000s\000t}{subsection.3.4}% 20
\BOOKMARK [1][-]{section.4}{\376\377\000G\000e\000s\000t\000o\000r\000e\000\040\000d\000e\000l\000l\000e\000\040\000e\000c\000c\000e\000z\000i\000o\000n\000i}{}% 21
\BOOKMARK [2][-]{subsection.4.1}{\376\377\000I\000n\000t\000e\000r\000r\000u\000p\000t\000\040\000H\000a\000n\000d\000l\000e\000r}{section.4}% 22
\BOOKMARK [3][-]{subsubsection.4.1.1}{\376\377\000G\000e\000s\000t\000i\000o\000n\000e\000\040\000I\000n\000t\000e\000r\000r\000u\000p\000t\000\040\000P\000r\000o\000c\000e\000s\000s\000o\000r\000\040\000L\000o\000c\000a\000l\000\040\000T\000i\000m\000e\000r}{subsection.4.1}% 23
\BOOKMARK [3][-]{subsubsection.4.1.2}{\376\377\000G\000e\000s\000t\000i\000o\000n\000e\000\040\000I\000n\000t\000e\000r\000r\000u\000p\000t\000\040\000I\000n\000t\000e\000r\000v\000a\000l\000\040\000T\000i\000m\000e\000r}{subsection.4.1}% 24
\BOOKMARK [3][-]{subsubsection.4.1.3}{\376\377\000G\000e\000s\000t\000i\000o\000n\000e\000\040\000I\000n\000t\000e\000r\000r\000u\000p\000t\000\040\000D\000e\000v\000i\000c\000e}{subsection.4.1}% 25
\BOOKMARK [2][-]{subsection.4.2}{\376\377\000P\000a\000s\000s\000\040\000U\000p\000\040\000o\000r\000\040\000D\000i\000e}{section.4}% 26
\BOOKMARK [2][-]{subsection.4.3}{\376\377\000E\000c\000c\000e\000z\000i\000o\000n\000i\000\040\000c\000a\000u\000s\000a\000t\000e\000\040\000d\000a\000\040\000S\000Y\000S\000C\000A\000L\000L}{section.4}% 27
\BOOKMARK [1][-]{section.5}{\376\377\000F\000a\000s\000e\000\040\0003\000\040\000-\000\040\000.\000.\000.}{}% 28
\BOOKMARK [1][-]{section.6}{\376\377\000C\000r\000e\000d\000i\000t\000i}{}% 29
\BOOKMARK [2][-]{subsection.6.1}{\376\377\000G\000i\000t\000h\000u\000b}{section.6}% 30
\BOOKMARK [2][-]{subsection.6.2}{\376\377\000A\000u\000t\000o\000r\000i}{section.6}% 31
